2022-08-16 15:11:33,462 test_case.py INFO test_01 ----------用例开始----------
2022-08-16 15:11:33,462 baes_action.py INFO __init__ 打开谷歌浏览器
2022-08-16 15:11:35,163 baes_action.py INFO get_url 打开网址：http://localhost/phpwind/
2022-08-16 15:11:36,596 baes_action.py INFO click 点击('css selector', '[class="btn btn_big btn_submit"]')元素
2022-08-16 15:11:36,597 baes_action.py INFO locator 定位('css selector', '[class="btn btn_big btn_submit"]')元素
2022-08-16 15:11:37,988 baes_action.py INFO wait_base 等待3秒
2022-08-16 15:11:40,989 baes_action.py INFO input_value 定位('css selector', '[id="J_u_login_username"]')元素，输入内容:shy
2022-08-16 15:11:40,989 baes_action.py INFO locator 定位('css selector', '[id="J_u_login_username"]')元素
2022-08-16 15:11:41,060 baes_action.py INFO input_value 定位('css selector', '[id="J_u_login_password"]')元素，输入内容:123456
2022-08-16 15:11:41,060 baes_action.py INFO locator 定位('css selector', '[id="J_u_login_password"]')元素
2022-08-16 15:11:41,142 baes_action.py INFO click 点击('css selector', '[class="btn btn_big btn_submit mr20"]')元素
2022-08-16 15:11:41,143 baes_action.py INFO locator 定位('css selector', '[class="btn btn_big btn_submit mr20"]')元素
2022-08-16 15:11:41,199 baes_action.py INFO wait_base 等待8秒
2022-08-16 15:11:49,219 baes_action.py INFO text 获取('css selector', '[class="username"]')元素文本
2022-08-16 15:11:49,223 baes_action.py INFO locator 定位('css selector', '[class="username"]')元素
2022-08-16 15:11:49,275 test_case.py INFO test_01 ----------用例结束----------
2022-08-16 15:11:51,393 test_case.py INFO test_02 ----------用例开始----------
2022-08-16 15:11:51,393 baes_action.py INFO __init__ 打开谷歌浏览器
2022-08-16 15:11:52,985 baes_action.py INFO get_url 打开网址：http://localhost/phpwind/
2022-08-16 15:11:54,335 baes_action.py INFO click 点击('css selector', '[class="btn btn_big btn_submit"]')元素
2022-08-16 15:11:54,335 baes_action.py INFO locator 定位('css selector', '[class="btn btn_big btn_submit"]')元素
2022-08-16 15:11:55,611 baes_action.py INFO wait_base 等待3秒
2022-08-16 15:11:58,612 baes_action.py INFO input_value 定位('css selector', '[id="J_u_login_username"]')元素，输入内容:shy
2022-08-16 15:11:58,612 baes_action.py INFO locator 定位('css selector', '[id="J_u_login_username"]')元素
2022-08-16 15:11:58,670 baes_action.py INFO input_value 定位('css selector', '[id="J_u_login_password"]')元素，输入内容:12345556
2022-08-16 15:11:58,670 baes_action.py INFO locator 定位('css selector', '[id="J_u_login_password"]')元素
2022-08-16 15:11:58,747 baes_action.py INFO click 点击('css selector', '[class="btn btn_big btn_submit mr20"]')元素
2022-08-16 15:11:58,748 baes_action.py INFO locator 定位('css selector', '[class="btn btn_big btn_submit mr20"]')元素
2022-08-16 15:11:58,799 baes_action.py INFO wait_base 等待8秒
2022-08-16 15:12:06,799 baes_action.py INFO text 获取('css selector', '[class="username"]')元素文本
2022-08-16 15:12:06,799 baes_action.py INFO locator 定位('css selector', '[class="username"]')元素
2022-08-16 15:12:06,813 test_case.py INFO test_02 ----------用例结束----------
2022-08-16 15:12:08,882 test_case.py INFO test_02 ----------用例开始----------
2022-08-16 15:12:08,882 baes_action.py INFO __init__ 打开谷歌浏览器
